* installing *source* package ‘changepointGA’ ...
** this is package ‘changepointGA’ version ‘0.1.3’
** using staged installation
** libs
using C++ compiler: ‘Apple clang version 17.0.0 (clang-1700.3.19.1)’
using C++17
using SDK: ‘’
clang++ -arch arm64 -std=gnu++17 -I"/Library/Frameworks/R.framework/Resources/include" -DNDEBUG  -I'/Users/mli171/Library/R/arm64/4.5/library/Rcpp/include' -I'/Users/mli171/Library/R/arm64/4.5/library/RcppArmadillo/include' -I/opt/homebrew/include    -fPIC  -falign-functions=64 -Wall -g -O2   -c ARIMA_BIC.cpp -o ARIMA_BIC.o
clang++ -arch arm64 -std=gnu++17 -I"/Library/Frameworks/R.framework/Resources/include" -DNDEBUG  -I'/Users/mli171/Library/R/arm64/4.5/library/Rcpp/include' -I'/Users/mli171/Library/R/arm64/4.5/library/RcppArmadillo/include' -I/opt/homebrew/include    -fPIC  -falign-functions=64 -Wall -g -O2   -c PopInitia.cpp -o PopInitia.o
clang++ -arch arm64 -std=gnu++17 -I"/Library/Frameworks/R.framework/Resources/include" -DNDEBUG  -I'/Users/mli171/Library/R/arm64/4.5/library/Rcpp/include' -I'/Users/mli171/Library/R/arm64/4.5/library/RcppArmadillo/include' -I/opt/homebrew/include    -fPIC  -falign-functions=64 -Wall -g -O2   -c RcppExports.cpp -o RcppExports.o
clang++ -arch arm64 -std=gnu++17 -dynamiclib -Wl,-headerpad_max_install_names -undefined dynamic_lookup -L/Library/Frameworks/R.framework/Resources/lib -L/opt/R/arm64/lib -o changepointGA.so ARIMA_BIC.o PopInitia.o RcppExports.o -L/Library/Frameworks/R.framework/Resources/lib -lRlapack -L/Library/Frameworks/R.framework/Resources/lib -lRblas -L/opt/R/arm64/gfortran/lib -F/Library/Frameworks/R.framework/.. -framework R
installing to /Users/mli171/Desktop/GA/changepointGA/changepointGA/changepointGA.Rcheck/00LOCK-changepointGA/00new/changepointGA/libs
** R
** inst
** byte-compile and prepare package for lazy loading
** help
*** installing help indices
** building package indices
** installing vignettes
** testing if installed package can be loaded from temporary location
** checking absolute paths in shared objects and dynamic libraries
** testing if installed package can be loaded from final location
** testing if installed package keeps a record of temporary installation path
* DONE (changepointGA)
