\BOOKMARK [1][-]{Rfn.AMOCcrossover.1}{\376\377\000A\000M\000O\000C\000c\000r\000o\000s\000s\000o\000v\000e\000r}{}% 1
\BOOKMARK [1][-]{Rfn.AMOCmutation.1}{\376\377\000A\000M\000O\000C\000m\000u\000t\000a\000t\000i\000o\000n}{}% 2
\BOOKMARK [1][-]{Rfn.AMOCpopulation.1}{\376\377\000A\000M\000O\000C\000p\000o\000p\000u\000l\000a\000t\000i\000o\000n}{}% 3
\BOOKMARK [1][-]{Rfn.AMOCselection.1}{\376\377\000A\000M\000O\000C\000s\000e\000l\000e\000c\000t\000i\000o\000n}{}% 4
\BOOKMARK [1][-]{Rfn.ARIMA.BIC.Order.1}{\376\377\000A\000R\000I\000M\000A\000.\000B\000I\000C\000.\000O\000r\000d\000e\000r}{}% 5
\BOOKMARK [1][-]{Rfn.arrayaCGH.1}{\376\377\000a\000r\000r\000a\000y\000a\000C\000G\000H}{}% 6
\BOOKMARK [1][-]{Rfn.AtlantaTemperature.1}{\376\377\000A\000t\000l\000a\000n\000t\000a\000T\000e\000m\000p\000e\000r\000a\000t\000u\000r\000e}{}% 7
\BOOKMARK [1][-]{Rfn.BinSearch.BIC.1}{\376\377\000B\000i\000n\000S\000e\000a\000r\000c\000h\000.\000B\000I\000C}{}% 8
\BOOKMARK [1][-]{Rfn.cptDist.1}{\376\377\000c\000p\000t\000D\000i\000s\000t}{}% 9
\BOOKMARK [1][-]{Rfn.GA.1}{\376\377\000G\000A}{}% 10
\BOOKMARK [1][-]{Rfn.GA.Rul.param.1}{\376\377\000G\000A\000\137\000p\000a\000r\000a\000m}{}% 11
\BOOKMARK [1][-]{Rfn.IslandGA.1}{\376\377\000I\000s\000l\000a\000n\000d\000G\000A}{}% 12
\BOOKMARK [1][-]{Rfn.IslandGA.Rul.param.1}{\376\377\000I\000s\000l\000a\000n\000d\000G\000A\000\137\000p\000a\000r\000a\000m}{}% 13
\BOOKMARK [1][-]{Rfn.mutation.1}{\376\377\000m\000u\000t\000a\000t\000i\000o\000n}{}% 14
\BOOKMARK [1][-]{Rfn.operators.1}{\376\377\000o\000p\000e\000r\000a\000t\000o\000r\000s}{}% 15
\BOOKMARK [1][-]{Rfn.random.Rul.population.1}{\376\377\000r\000a\000n\000d\000o\000m\000\137\000p\000o\000p\000u\000l\000a\000t\000i\000o\000n}{}% 16
\BOOKMARK [1][-]{Rfn.selection.Rul.linearrank.1}{\376\377\000s\000e\000l\000e\000c\000t\000i\000o\000n\000\137\000l\000i\000n\000e\000a\000r\000r\000a\000n\000k}{}% 17
\BOOKMARK [1][-]{Rfn.selectTau.1}{\376\377\000s\000e\000l\000e\000c\000t\000T\000a\000u}{}% 18
\BOOKMARK [1][-]{Rfn.ts.sim.1}{\376\377\000t\000s\000.\000s\000i\000m}{}% 19
\BOOKMARK [1][-]{Rfn.TsPlotCheck.1}{\376\377\000T\000s\000P\000l\000o\000t\000C\000h\000e\000c\000k}{}% 20
\BOOKMARK [1][-]{Rfn.uniformcrossover.1}{\376\377\000u\000n\000i\000f\000o\000r\000m\000c\000r\000o\000s\000s\000o\000v\000e\000r}{}% 21
\BOOKMARK [0][-]{index.0}{\376\377\000I\000n\000d\000e\000x}{}% 22
